<?xml version="1.0" encoding="UTF-8"?>
<!-- Generated by org.testng.reporters.JUnitReportReporter -->
<testsuite hostname="KAKON" failures="0" tests="1" name="Testcases.PlaceOrder" time="19.924" errors="0" timestamp="19 Oct 2022 18:52:16 GMT" skipped="0">
  <testcase classname="Testcases.PlaceOrder" name="placeOrder" time="19.924"/>
</testsuite> <!-- Testcases.PlaceOrder -->
