<?xml version="1.0" encoding="UTF-8"?>
<!-- Generated by org.testng.reporters.JUnitReportReporter -->
<testsuite hostname="KAKON" failures="0" tests="1" name="Testcases.Register" time="14.316" errors="0" timestamp="19 Oct 2022 18:52:16 GMT" skipped="0">
  <testcase classname="Testcases.Register" name="registration" time="14.316"/>
</testsuite> <!-- Testcases.Register -->
