<?xml version="1.0" encoding="UTF-8"?>
<!-- Generated by org.testng.reporters.JUnitReportReporter -->
<testsuite hostname="KAKON" failures="0" tests="1" name="Selenium.YahooLogin.PlaceOrder" time="183.912" errors="0" timestamp="19 Oct 2022 15:06:10 GMT" skipped="0">
  <testcase classname="Selenium.YahooLogin.PlaceOrder" name="placeOrder" time="183.912"/>
</testsuite> <!-- Selenium.YahooLogin.PlaceOrder -->
